new.js:27 false
new.js:28 false
new.js:53 (4) [{…}, {…}, {…}, {…}]
new.js:113 team_1
new.js:113 team_2
new.js:113 team_3
new.js:117 (5) [{…}, {…}, {…}, {…}, {…}]
new.js:179 (5) [{…}, {…}, {…}, {…}, {…}]
new.js:260 (5) [{…}, {…}, {…}, {…}, {…}]
new.js:283 1
new.js:285 e
new.js:283 1
new.js:285 e
new.js:316 1
new.js:318 1
new.js:322 1
new.js:316 1
new.js:318 0
new.js:322 0
new.js:316 1
new.js:318 1
new.js:322 1
new.js:316 1
new.js:318 1
new.js:322 1
new.js:316 1
new.js:318 1
new.js:322 1
new.js:316 1
new.js:318 1
new.js:322 1
new.js:316 1
new.js:318 2
new.js:322 2
new.js:316 1
new.js:318 0
new.js:322 0
new.js:316 1
new.js:318 0
new.js:322 0
new.js:316 1
new.js:318 1
new.js:322 1
new.js:283 2
new.js:285 t
new.js:283 2
new.js:285 t
new.js:316 2
new.js:318 -1
new.js:322 0
new.js:316 2
new.js:318 -1
new.js:322 0
new.js:316 2
new.js:318 1
new.js:322 1
new.js:316 2
new.js:318 1
new.js:322 1
new.js:316 2
new.js:318 0
new.js:322 0
new.js:316 2
new.js:318 -1
new.js:322 0
new.js:316 2
new.js:318 0
new.js:322 0
new.js:316 2
new.js:318 -1
new.js:322 0
new.js:316 2
new.js:318 0
new.js:322 0
new.js:316 2
new.js:318 0
new.js:322 0
new.js:283 2
new.js:285 t
new.js:283 2
new.js:285 t
new.js:316 2
new.js:318 0
new.js:322 0
new.js:316 2
new.js:318 2
new.js:322 2
new.js:316 2
new.js:318 2
new.js:322 2
new.js:316 2
new.js:318 1
new.js:322 1
new.js:316 2
new.js:318 0
new.js:322 0
new.js:316 2
new.js:318 2
new.js:322 2
new.js:316 2
new.js:318 1
new.js:322 1
new.js:316 2
new.js:318 2
new.js:322 2
new.js:316 2
new.js:318 1
new.js:322 1
new.js:316 2
new.js:318 2
new.js:322 2
new.js:419 (6) [{…}, {…}, {…}, {…}, {…}, {…}]0: {key: null}1: {tournament_name: "pol"}2: {team_num: 3}3: {tournament_num: 3}4: team: Array(3)0: (3) [{…}, {…}, {…}]1: Array(3)0: {team_name: "e"}1: {player_num: 3}2: {player: Array(3)}length: 3__proto__: Array(0)2: (3) [{…}, {…}, {…}]length: 3__proto__: Array(0)__proto__: Object5: tournament: matches: Array(3)0: games: Array(5)0: players: Array(2)0: Array(3)0: {name: "y"}1: {team: "e"}2: {score: "2"}length: 3__proto__: Array(0)1: (3) [{…}, {…}, {…}]length: 2__proto__: Array(0)__proto__: Object1: {players: Array(2)}2: {players: Array(2)}3: {players: Array(2)}4: {players: Array(2)}length: 5__proto__: Array(0)__proto__: Object1: {games: Array(5)}2: {games: Array(5)}length: 3__proto__: Array(0)__proto__: Object__proto__: Objectlength: 6__proto__: Array(0)
